C:\Users\mort286f\Desktop\H3Projekt\AngularH3Projekt\ClassRoomAPI\ClassRoomAPI\All Documentation_and_Angular\ANGULAR\Angular-Dashboard\dist\out-tsc\app\home\home.component.js
C:\Users\mort286f\Desktop\H3Projekt\AngularH3Projekt\ClassRoomAPI\ClassRoomAPI\All Documentation_and_Angular\ANGULAR\Angular-Dashboard\dist\out-tsc\app\home\home.component.js.map
C:\Users\mort286f\Desktop\H3Projekt\AngularH3Projekt\ClassRoomAPI\ClassRoomAPI\All Documentation_and_Angular\ANGULAR\Angular-Dashboard\dist\out-tsc\app\temperature\temperature.component.js
C:\Users\mort286f\Desktop\H3Projekt\AngularH3Projekt\ClassRoomAPI\ClassRoomAPI\All Documentation_and_Angular\ANGULAR\Angular-Dashboard\dist\out-tsc\app\temperature\temperature.component.js.map
C:\Users\mort286f\Desktop\H3Projekt\AngularH3Projekt\ClassRoomAPI\ClassRoomAPI\All Documentation_and_Angular\ANGULAR\Angular-Dashboard\dist\out-tsc\app\light-condition\light-condition.component.js
C:\Users\mort286f\Desktop\H3Projekt\AngularH3Projekt\ClassRoomAPI\ClassRoomAPI\All Documentation_and_Angular\ANGULAR\Angular-Dashboard\dist\out-tsc\app\light-condition\light-condition.component.js.map
C:\Users\mort286f\Desktop\H3Projekt\AngularH3Projekt\ClassRoomAPI\ClassRoomAPI\All Documentation_and_Angular\ANGULAR\Angular-Dashboard\dist\out-tsc\app\noise-level\noise-level.component.js
C:\Users\mort286f\Desktop\H3Projekt\AngularH3Projekt\ClassRoomAPI\ClassRoomAPI\All Documentation_and_Angular\ANGULAR\Angular-Dashboard\dist\out-tsc\app\noise-level\noise-level.component.js.map
C:\Users\mort286f\Desktop\H3Projekt\AngularH3Projekt\ClassRoomAPI\ClassRoomAPI\All Documentation_and_Angular\ANGULAR\Angular-Dashboard\dist\out-tsc\app\contact\contact.component.js
C:\Users\mort286f\Desktop\H3Projekt\AngularH3Projekt\ClassRoomAPI\ClassRoomAPI\All Documentation_and_Angular\ANGULAR\Angular-Dashboard\dist\out-tsc\app\contact\contact.component.js.map
C:\Users\mort286f\Desktop\H3Projekt\AngularH3Projekt\ClassRoomAPI\ClassRoomAPI\All Documentation_and_Angular\ANGULAR\Angular-Dashboard\dist\out-tsc\app\ClassRoom\Class\temperature-data.js
C:\Users\mort286f\Desktop\H3Projekt\AngularH3Projekt\ClassRoomAPI\ClassRoomAPI\All Documentation_and_Angular\ANGULAR\Angular-Dashboard\dist\out-tsc\app\ClassRoom\Class\temperature-data.js.map
C:\Users\mort286f\Desktop\H3Projekt\AngularH3Projekt\ClassRoomAPI\ClassRoomAPI\All Documentation_and_Angular\ANGULAR\Angular-Dashboard\dist\out-tsc\app\ClassRoom\Service\temperatures.service.js
C:\Users\mort286f\Desktop\H3Projekt\AngularH3Projekt\ClassRoomAPI\ClassRoomAPI\All Documentation_and_Angular\ANGULAR\Angular-Dashboard\dist\out-tsc\app\ClassRoom\Service\temperatures.service.js.map
C:\Users\mort286f\Desktop\H3Projekt\AngularH3Projekt\ClassRoomAPI\ClassRoomAPI\All Documentation_and_Angular\ANGULAR\Angular-Dashboard\dist\out-tsc\app\ClassRoom\temp\temp.component.js
C:\Users\mort286f\Desktop\H3Projekt\AngularH3Projekt\ClassRoomAPI\ClassRoomAPI\All Documentation_and_Angular\ANGULAR\Angular-Dashboard\dist\out-tsc\app\ClassRoom\temp\temp.component.js.map
C:\Users\mort286f\Desktop\H3Projekt\AngularH3Projekt\ClassRoomAPI\ClassRoomAPI\All Documentation_and_Angular\ANGULAR\Angular-Dashboard\dist\out-tsc\app\app-routing.module.js
C:\Users\mort286f\Desktop\H3Projekt\AngularH3Projekt\ClassRoomAPI\ClassRoomAPI\All Documentation_and_Angular\ANGULAR\Angular-Dashboard\dist\out-tsc\app\app-routing.module.js.map
C:\Users\mort286f\Desktop\H3Projekt\AngularH3Projekt\ClassRoomAPI\ClassRoomAPI\All Documentation_and_Angular\ANGULAR\Angular-Dashboard\dist\out-tsc\app\app.component.js
C:\Users\mort286f\Desktop\H3Projekt\AngularH3Projekt\ClassRoomAPI\ClassRoomAPI\All Documentation_and_Angular\ANGULAR\Angular-Dashboard\dist\out-tsc\app\app.component.js.map
C:\Users\mort286f\Desktop\H3Projekt\AngularH3Projekt\ClassRoomAPI\ClassRoomAPI\All Documentation_and_Angular\ANGULAR\Angular-Dashboard\dist\out-tsc\app\nav\nav.component.js
C:\Users\mort286f\Desktop\H3Projekt\AngularH3Projekt\ClassRoomAPI\ClassRoomAPI\All Documentation_and_Angular\ANGULAR\Angular-Dashboard\dist\out-tsc\app\nav\nav.component.js.map
C:\Users\mort286f\Desktop\H3Projekt\AngularH3Projekt\ClassRoomAPI\ClassRoomAPI\All Documentation_and_Angular\ANGULAR\Angular-Dashboard\dist\out-tsc\app\ClassRoom\Class\light-data.js
C:\Users\mort286f\Desktop\H3Projekt\AngularH3Projekt\ClassRoomAPI\ClassRoomAPI\All Documentation_and_Angular\ANGULAR\Angular-Dashboard\dist\out-tsc\app\ClassRoom\Class\light-data.js.map
C:\Users\mort286f\Desktop\H3Projekt\AngularH3Projekt\ClassRoomAPI\ClassRoomAPI\All Documentation_and_Angular\ANGULAR\Angular-Dashboard\dist\out-tsc\app\ClassRoom\Service\lights.service.js
C:\Users\mort286f\Desktop\H3Projekt\AngularH3Projekt\ClassRoomAPI\ClassRoomAPI\All Documentation_and_Angular\ANGULAR\Angular-Dashboard\dist\out-tsc\app\ClassRoom\Service\lights.service.js.map
C:\Users\mort286f\Desktop\H3Projekt\AngularH3Projekt\ClassRoomAPI\ClassRoomAPI\All Documentation_and_Angular\ANGULAR\Angular-Dashboard\dist\out-tsc\app\ClassRoom\light-c\light-c.component.js
C:\Users\mort286f\Desktop\H3Projekt\AngularH3Projekt\ClassRoomAPI\ClassRoomAPI\All Documentation_and_Angular\ANGULAR\Angular-Dashboard\dist\out-tsc\app\ClassRoom\light-c\light-c.component.js.map
C:\Users\mort286f\Desktop\H3Projekt\AngularH3Projekt\ClassRoomAPI\ClassRoomAPI\All Documentation_and_Angular\ANGULAR\Angular-Dashboard\dist\out-tsc\app\ClassRoom\Class\noise-data.js
C:\Users\mort286f\Desktop\H3Projekt\AngularH3Projekt\ClassRoomAPI\ClassRoomAPI\All Documentation_and_Angular\ANGULAR\Angular-Dashboard\dist\out-tsc\app\ClassRoom\Class\noise-data.js.map
C:\Users\mort286f\Desktop\H3Projekt\AngularH3Projekt\ClassRoomAPI\ClassRoomAPI\All Documentation_and_Angular\ANGULAR\Angular-Dashboard\dist\out-tsc\app\ClassRoom\Service\noises.service.js
C:\Users\mort286f\Desktop\H3Projekt\AngularH3Projekt\ClassRoomAPI\ClassRoomAPI\All Documentation_and_Angular\ANGULAR\Angular-Dashboard\dist\out-tsc\app\ClassRoom\Service\noises.service.js.map
C:\Users\mort286f\Desktop\H3Projekt\AngularH3Projekt\ClassRoomAPI\ClassRoomAPI\All Documentation_and_Angular\ANGULAR\Angular-Dashboard\dist\out-tsc\app\ClassRoom\noise-l\noise-l.component.js
C:\Users\mort286f\Desktop\H3Projekt\AngularH3Projekt\ClassRoomAPI\ClassRoomAPI\All Documentation_and_Angular\ANGULAR\Angular-Dashboard\dist\out-tsc\app\ClassRoom\noise-l\noise-l.component.js.map
C:\Users\mort286f\Desktop\H3Projekt\AngularH3Projekt\ClassRoomAPI\ClassRoomAPI\All Documentation_and_Angular\ANGULAR\Angular-Dashboard\dist\out-tsc\app\app.module.js
C:\Users\mort286f\Desktop\H3Projekt\AngularH3Projekt\ClassRoomAPI\ClassRoomAPI\All Documentation_and_Angular\ANGULAR\Angular-Dashboard\dist\out-tsc\app\app.module.js.map
C:\Users\mort286f\Desktop\H3Projekt\AngularH3Projekt\ClassRoomAPI\ClassRoomAPI\All Documentation_and_Angular\ANGULAR\Angular-Dashboard\dist\out-tsc\environments\environment.js
C:\Users\mort286f\Desktop\H3Projekt\AngularH3Projekt\ClassRoomAPI\ClassRoomAPI\All Documentation_and_Angular\ANGULAR\Angular-Dashboard\dist\out-tsc\environments\environment.js.map
C:\Users\mort286f\Desktop\H3Projekt\AngularH3Projekt\ClassRoomAPI\ClassRoomAPI\All Documentation_and_Angular\ANGULAR\Angular-Dashboard\dist\out-tsc\main.js
C:\Users\mort286f\Desktop\H3Projekt\AngularH3Projekt\ClassRoomAPI\ClassRoomAPI\All Documentation_and_Angular\ANGULAR\Angular-Dashboard\dist\out-tsc\main.js.map
C:\Users\mort286f\Desktop\H3Projekt\AngularH3Projekt\ClassRoomAPI\ClassRoomAPI\All Documentation_and_Angular\ANGULAR\Angular-Dashboard\dist\out-tsc\polyfills.js
C:\Users\mort286f\Desktop\H3Projekt\AngularH3Projekt\ClassRoomAPI\ClassRoomAPI\All Documentation_and_Angular\ANGULAR\Angular-Dashboard\dist\out-tsc\polyfills.js.map
C:\Users\mort286f\Desktop\H3Projekt\AngularH3Projekt\ClassRoomAPI\ClassRoomAPI\All Documentation_and_Angular\ANGULAR\Angular-Dashboard\dist\out-tsc\test.js
C:\Users\mort286f\Desktop\H3Projekt\AngularH3Projekt\ClassRoomAPI\ClassRoomAPI\All Documentation_and_Angular\ANGULAR\Angular-Dashboard\dist\out-tsc\test.js.map
C:\Users\mort286f\Desktop\H3Projekt\AngularH3Projekt\ClassRoomAPI\ClassRoomAPI\All Documentation_and_Angular\ANGULAR\Angular-Dashboard\dist\out-tsc\app\app.component.spec.js
C:\Users\mort286f\Desktop\H3Projekt\AngularH3Projekt\ClassRoomAPI\ClassRoomAPI\All Documentation_and_Angular\ANGULAR\Angular-Dashboard\dist\out-tsc\app\app.component.spec.js.map
C:\Users\mort286f\Desktop\H3Projekt\AngularH3Projekt\ClassRoomAPI\ClassRoomAPI\All Documentation_and_Angular\ANGULAR\Angular-Dashboard\dist\out-tsc\app\ClassRoom\Class\light-data.spec.js
C:\Users\mort286f\Desktop\H3Projekt\AngularH3Projekt\ClassRoomAPI\ClassRoomAPI\All Documentation_and_Angular\ANGULAR\Angular-Dashboard\dist\out-tsc\app\ClassRoom\Class\light-data.spec.js.map
C:\Users\mort286f\Desktop\H3Projekt\AngularH3Projekt\ClassRoomAPI\ClassRoomAPI\All Documentation_and_Angular\ANGULAR\Angular-Dashboard\dist\out-tsc\app\ClassRoom\Class\noise-data.spec.js
C:\Users\mort286f\Desktop\H3Projekt\AngularH3Projekt\ClassRoomAPI\ClassRoomAPI\All Documentation_and_Angular\ANGULAR\Angular-Dashboard\dist\out-tsc\app\ClassRoom\Class\noise-data.spec.js.map
C:\Users\mort286f\Desktop\H3Projekt\AngularH3Projekt\ClassRoomAPI\ClassRoomAPI\All Documentation_and_Angular\ANGULAR\Angular-Dashboard\dist\out-tsc\app\ClassRoom\Class\temperature-data.spec.js
C:\Users\mort286f\Desktop\H3Projekt\AngularH3Projekt\ClassRoomAPI\ClassRoomAPI\All Documentation_and_Angular\ANGULAR\Angular-Dashboard\dist\out-tsc\app\ClassRoom\Class\temperature-data.spec.js.map
C:\Users\mort286f\Desktop\H3Projekt\AngularH3Projekt\ClassRoomAPI\ClassRoomAPI\All Documentation_and_Angular\ANGULAR\Angular-Dashboard\dist\out-tsc\app\ClassRoom\Service\lights.service.spec.js
C:\Users\mort286f\Desktop\H3Projekt\AngularH3Projekt\ClassRoomAPI\ClassRoomAPI\All Documentation_and_Angular\ANGULAR\Angular-Dashboard\dist\out-tsc\app\ClassRoom\Service\lights.service.spec.js.map
C:\Users\mort286f\Desktop\H3Projekt\AngularH3Projekt\ClassRoomAPI\ClassRoomAPI\All Documentation_and_Angular\ANGULAR\Angular-Dashboard\dist\out-tsc\app\ClassRoom\Service\noises.service.spec.js
C:\Users\mort286f\Desktop\H3Projekt\AngularH3Projekt\ClassRoomAPI\ClassRoomAPI\All Documentation_and_Angular\ANGULAR\Angular-Dashboard\dist\out-tsc\app\ClassRoom\Service\noises.service.spec.js.map
C:\Users\mort286f\Desktop\H3Projekt\AngularH3Projekt\ClassRoomAPI\ClassRoomAPI\All Documentation_and_Angular\ANGULAR\Angular-Dashboard\dist\out-tsc\app\ClassRoom\Service\temperatures.service.spec.js
C:\Users\mort286f\Desktop\H3Projekt\AngularH3Projekt\ClassRoomAPI\ClassRoomAPI\All Documentation_and_Angular\ANGULAR\Angular-Dashboard\dist\out-tsc\app\ClassRoom\Service\temperatures.service.spec.js.map
C:\Users\mort286f\Desktop\H3Projekt\AngularH3Projekt\ClassRoomAPI\ClassRoomAPI\All Documentation_and_Angular\ANGULAR\Angular-Dashboard\dist\out-tsc\app\ClassRoom\light-c\light-c.component.spec.js
C:\Users\mort286f\Desktop\H3Projekt\AngularH3Projekt\ClassRoomAPI\ClassRoomAPI\All Documentation_and_Angular\ANGULAR\Angular-Dashboard\dist\out-tsc\app\ClassRoom\light-c\light-c.component.spec.js.map
C:\Users\mort286f\Desktop\H3Projekt\AngularH3Projekt\ClassRoomAPI\ClassRoomAPI\All Documentation_and_Angular\ANGULAR\Angular-Dashboard\dist\out-tsc\app\ClassRoom\noise-l\noise-l.component.spec.js
C:\Users\mort286f\Desktop\H3Projekt\AngularH3Projekt\ClassRoomAPI\ClassRoomAPI\All Documentation_and_Angular\ANGULAR\Angular-Dashboard\dist\out-tsc\app\ClassRoom\noise-l\noise-l.component.spec.js.map
C:\Users\mort286f\Desktop\H3Projekt\AngularH3Projekt\ClassRoomAPI\ClassRoomAPI\All Documentation_and_Angular\ANGULAR\Angular-Dashboard\dist\out-tsc\app\ClassRoom\temp\temp.component.spec.js
C:\Users\mort286f\Desktop\H3Projekt\AngularH3Projekt\ClassRoomAPI\ClassRoomAPI\All Documentation_and_Angular\ANGULAR\Angular-Dashboard\dist\out-tsc\app\ClassRoom\temp\temp.component.spec.js.map
C:\Users\mort286f\Desktop\H3Projekt\AngularH3Projekt\ClassRoomAPI\ClassRoomAPI\All Documentation_and_Angular\ANGULAR\Angular-Dashboard\dist\out-tsc\app\contact\contact.component.spec.js
C:\Users\mort286f\Desktop\H3Projekt\AngularH3Projekt\ClassRoomAPI\ClassRoomAPI\All Documentation_and_Angular\ANGULAR\Angular-Dashboard\dist\out-tsc\app\contact\contact.component.spec.js.map
C:\Users\mort286f\Desktop\H3Projekt\AngularH3Projekt\ClassRoomAPI\ClassRoomAPI\All Documentation_and_Angular\ANGULAR\Angular-Dashboard\dist\out-tsc\app\home\home.component.spec.js
C:\Users\mort286f\Desktop\H3Projekt\AngularH3Projekt\ClassRoomAPI\ClassRoomAPI\All Documentation_and_Angular\ANGULAR\Angular-Dashboard\dist\out-tsc\app\home\home.component.spec.js.map
C:\Users\mort286f\Desktop\H3Projekt\AngularH3Projekt\ClassRoomAPI\ClassRoomAPI\All Documentation_and_Angular\ANGULAR\Angular-Dashboard\dist\out-tsc\app\light-condition\light-condition.component.spec.js
C:\Users\mort286f\Desktop\H3Projekt\AngularH3Projekt\ClassRoomAPI\ClassRoomAPI\All Documentation_and_Angular\ANGULAR\Angular-Dashboard\dist\out-tsc\app\light-condition\light-condition.component.spec.js.map
C:\Users\mort286f\Desktop\H3Projekt\AngularH3Projekt\ClassRoomAPI\ClassRoomAPI\All Documentation_and_Angular\ANGULAR\Angular-Dashboard\dist\out-tsc\app\nav\nav.component.spec.js
C:\Users\mort286f\Desktop\H3Projekt\AngularH3Projekt\ClassRoomAPI\ClassRoomAPI\All Documentation_and_Angular\ANGULAR\Angular-Dashboard\dist\out-tsc\app\nav\nav.component.spec.js.map
C:\Users\mort286f\Desktop\H3Projekt\AngularH3Projekt\ClassRoomAPI\ClassRoomAPI\All Documentation_and_Angular\ANGULAR\Angular-Dashboard\dist\out-tsc\app\noise-level\noise-level.component.spec.js
C:\Users\mort286f\Desktop\H3Projekt\AngularH3Projekt\ClassRoomAPI\ClassRoomAPI\All Documentation_and_Angular\ANGULAR\Angular-Dashboard\dist\out-tsc\app\noise-level\noise-level.component.spec.js.map
C:\Users\mort286f\Desktop\H3Projekt\AngularH3Projekt\ClassRoomAPI\ClassRoomAPI\All Documentation_and_Angular\ANGULAR\Angular-Dashboard\dist\out-tsc\app\temperature\temperature.component.spec.js
C:\Users\mort286f\Desktop\H3Projekt\AngularH3Projekt\ClassRoomAPI\ClassRoomAPI\All Documentation_and_Angular\ANGULAR\Angular-Dashboard\dist\out-tsc\app\temperature\temperature.component.spec.js.map
C:\Users\mort286f\Desktop\H3Projekt\AngularH3Projekt\ClassRoomAPI\ClassRoomAPI\All Documentation_and_Angular\ANGULAR\Angular-Dashboard\dist\out-tsc\environments\environment.prod.js
C:\Users\mort286f\Desktop\H3Projekt\AngularH3Projekt\ClassRoomAPI\ClassRoomAPI\All Documentation_and_Angular\ANGULAR\Angular-Dashboard\dist\out-tsc\environments\environment.prod.js.map
